<?xml version="1.0" encoding="UTF-8" ?>
<testsuite tests="4" failures="0" name="CustomerServiceTest" time="0.011" errors="0" skipped="0">
  <properties>
[...]
</properties>
  <testcase classname="CustomerServiceTest" name="testCreateCustomerAndAddItToCustomerList" time="0.011"/>
  <testcase classname="CustomerServiceTest" name="testUniqueCustomerIdBasedOnNameAndFamily" time="0"/>
  <testcase classname="CustomerServiceTest" name="testCountCustomerBasedOnNameAndFamily" time="0"/>
  <testcase classname="CustomerServiceTest" name="testAddNewCustomer" time="0"/>
</testsuite>